app/manifest-merger-release-report.txt
-- Merging decision tree log ---
manifest
ADDED from AndroidManifest.xml:2:1
	xmlns:android
		ADDED from AndroidManifest.xml:2:11
	package
		ADDED from AndroidManifest.xml:3:5
	android:versionName
		ADDED from AndroidManifest.xml:6:5
	android:versionCode
		ADDED from AndroidManifest.xml:5:5
		INJECTED from AndroidManifest.xml:0:0
		INJECTED from AndroidManifest.xml:0:0
	android:installLocation
		ADDED from AndroidManifest.xml:4:5
uses-sdk
ADDED from AndroidManifest.xml:8:5
MERGED from com.afollestad:material-dialogs:0.6.2.1:8:5
MERGED from com.android.support:appcompat-v7:21.0.3:15:5
MERGED from com.android.support:support-v4:21.0.3:15:5
MERGED from com.android.support:support-v4:21.0.3:15:5
MERGED from com.android.support:appcompat-v7:21.0.3:15:5
MERGED from com.android.support:support-v4:21.0.3:15:5
MERGED from com.github.chrisbanes.photoview:library:1.2.3:2:5
MERGED from com.android.support:support-v4:21.0.3:15:5
MERGED from com.github.flavienlaurent.datetimepicker:library:0.0.2:3:5
MERGED from com.android.support:support-v4:21.0.3:15:5
MERGED from com.mcxiaoke.viewpagerindicator:library:2.4.1:3:5
MERGED from com.android.support:support-v4:21.0.3:15:5
MERGED from de.cketti.library.changelog:ckchangelog:1.2.2:7:5
MERGED from openNFRDroid.libraries:gaugeview-library:unspecified:7:5
MERGED from openNFRDroid.libraries:numberpicker:unspecified:7:5
MERGED from openNFRDroid.libraries:MemorizingTrustManager:unspecified:7:5
MERGED from com.android.support:support-v4:21.0.3:15:5
MERGED from openNFRDroid.libraries:FloatingActionButton:unspecified:5:5
MERGED from com.android.support:recyclerview-v7:21.0.0:15:5
MERGED from com.android.support:support-v4:21.0.3:15:5
	android:targetSdkVersion
		ADDED from AndroidManifest.xml:10:9
	android:minSdkVersion
		ADDED from AndroidManifest.xml:9:9
supports-screens
ADDED from AndroidManifest.xml:12:5
	android:resizeable
		ADDED from AndroidManifest.xml:16:9
	android:largeScreens
		ADDED from AndroidManifest.xml:14:9
	android:anyDensity
		ADDED from AndroidManifest.xml:13:9
	android:normalScreens
		ADDED from AndroidManifest.xml:15:9
	android:xlargeScreens
		ADDED from AndroidManifest.xml:18:9
	android:smallScreens
		ADDED from AndroidManifest.xml:17:9
uses-permission#android.permission.INTERNET
ADDED from AndroidManifest.xml:20:5
	android:name
		ADDED from AndroidManifest.xml:20:22
uses-permission#android.permission.WRITE_EXTERNAL_STORAGE
ADDED from AndroidManifest.xml:21:5
	android:name
		ADDED from AndroidManifest.xml:21:22
uses-permission#android.permission.VIBRATE
ADDED from AndroidManifest.xml:22:5
	android:name
		ADDED from AndroidManifest.xml:22:22
uses-permission#com.android.vending.BILLING
ADDED from AndroidManifest.xml:23:5
	android:name
		ADDED from AndroidManifest.xml:23:22
application
ADDED from AndroidManifest.xml:25:5
MERGED from com.afollestad:material-dialogs:0.6.2.1:12:5
MERGED from com.android.support:appcompat-v7:21.0.3:16:5
MERGED from com.android.support:support-v4:21.0.3:16:5
MERGED from com.android.support:support-v4:21.0.3:16:5
MERGED from com.android.support:appcompat-v7:21.0.3:16:5
MERGED from com.android.support:support-v4:21.0.3:16:5
MERGED from com.github.chrisbanes.photoview:library:1.2.3:4:5
MERGED from com.android.support:support-v4:21.0.3:16:5
MERGED from com.android.support:support-v4:21.0.3:16:5
MERGED from com.android.support:support-v4:21.0.3:16:5
MERGED from de.cketti.library.changelog:ckchangelog:1.2.2:9:5
MERGED from openNFRDroid.libraries:gaugeview-library:unspecified:11:5
MERGED from com.android.support:support-v4:21.0.3:16:5
MERGED from openNFRDroid.libraries:FloatingActionButton:unspecified:9:5
MERGED from com.android.support:recyclerview-v7:21.0.0:17:5
MERGED from com.android.support:support-v4:21.0.3:16:5
	android:label
		ADDED from AndroidManifest.xml:33:9
	android:allowBackup
		ADDED from AndroidManifest.xml:27:9
	android:uiOptions
		ADDED from AndroidManifest.xml:35:9
	android:icon
		ADDED from AndroidManifest.xml:31:9
	android:theme
		ADDED from AndroidManifest.xml:34:9
	android:hardwareAccelerated
		ADDED from AndroidManifest.xml:30:9
	android:backupAgent
		ADDED from AndroidManifest.xml:29:9
	android:killAfterRestore
		ADDED from AndroidManifest.xml:32:9
	android:allowClearUserData
		ADDED from AndroidManifest.xml:28:9
	android:name
		ADDED from AndroidManifest.xml:26:9
activity#net.reichholf.dreamdroid.activities.TabbedNavigationActivity
ADDED from AndroidManifest.xml:36:9
	android:name
		ADDED from AndroidManifest.xml:36:19
intent-filter#android.intent.action.MAIN+android.intent.category.LAUNCHER+android.intent.category.MULTIWINDOW_LAUNCHER
ADDED from AndroidManifest.xml:37:13
action#android.intent.action.MAIN
ADDED from AndroidManifest.xml:38:17
	android:name
		ADDED from AndroidManifest.xml:38:25
category#android.intent.category.LAUNCHER
ADDED from AndroidManifest.xml:40:17
	android:name
		ADDED from AndroidManifest.xml:40:27
category#android.intent.category.MULTIWINDOW_LAUNCHER
ADDED from AndroidManifest.xml:41:17
	android:name
		ADDED from AndroidManifest.xml:41:27
activity#net.reichholf.dreamdroid.activities.MyPreferenceActivity
ADDED from AndroidManifest.xml:44:9
	android:name
		ADDED from AndroidManifest.xml:44:19
activity#net.reichholf.dreamdroid.activities.SimpleFragmentActivity
ADDED from AndroidManifest.xml:45:9
	android:name
		ADDED from AndroidManifest.xml:45:19
meta-data#android.support.UI_OPTIONS
ADDED from AndroidManifest.xml:46:13
	android:name
		ADDED from AndroidManifest.xml:47:17
	android:value
		ADDED from AndroidManifest.xml:48:17
intent-filter#android.intent.action.SEARCH
ADDED from AndroidManifest.xml:50:13
action#android.intent.action.SEARCH
ADDED from AndroidManifest.xml:51:17
	android:name
		ADDED from AndroidManifest.xml:51:25
activity#net.reichholf.dreamdroid.activities.SimpleNoTitleFragmentActivity
ADDED from AndroidManifest.xml:54:9
	android:uiOptions
		ADDED from AndroidManifest.xml:57:13
	android:theme
		ADDED from AndroidManifest.xml:56:13
	android:name
		ADDED from AndroidManifest.xml:55:13
meta-data#com.google.android.backup.api_key
ADDED from AndroidManifest.xml:59:9
	android:name
		ADDED from AndroidManifest.xml:60:13
	android:value
		ADDED from AndroidManifest.xml:61:13
meta-data#android.app.default_searchable
ADDED from AndroidManifest.xml:62:9
	android:name
		ADDED from AndroidManifest.xml:63:13
	android:value
		ADDED from AndroidManifest.xml:64:13
activity#net.reichholf.dreamdroid.activities.ShareActivity
ADDED from AndroidManifest.xml:66:9
	android:theme
		ADDED from AndroidManifest.xml:68:13
	android:name
		ADDED from AndroidManifest.xml:67:13
intent-filter#android.intent.action.VIEW+android.intent.category.BROWSABLE+android.intent.category.DEFAULT
ADDED from AndroidManifest.xml:69:13
	android:label
		ADDED from AndroidManifest.xml:69:28
action#android.intent.action.VIEW
ADDED from AndroidManifest.xml:70:17
	android:name
		ADDED from AndroidManifest.xml:70:25
category#android.intent.category.DEFAULT
ADDED from AndroidManifest.xml:72:17
	android:name
		ADDED from AndroidManifest.xml:72:27
category#android.intent.category.BROWSABLE
ADDED from AndroidManifest.xml:73:17
	android:name
		ADDED from AndroidManifest.xml:73:27
data
ADDED from AndroidManifest.xml:75:17
	android:mimeType
		ADDED from AndroidManifest.xml:75:23
activity#net.reichholf.dreamdroid.activities.MainActivity
ADDED from AndroidManifest.xml:84:9
	android:name
		ADDED from AndroidManifest.xml:84:19
activity#net.reichholf.dreamdroid.appwidget.VirtualRemoteWidgetConfiguration
ADDED from AndroidManifest.xml:91:9
	android:name
		ADDED from AndroidManifest.xml:91:19
intent-filter#android.appwidget.action.APPWIDGET_CONFIGURE
ADDED from AndroidManifest.xml:92:13
action#android.appwidget.action.APPWIDGET_CONFIGURE
ADDED from AndroidManifest.xml:93:17
	android:name
		ADDED from AndroidManifest.xml:93:25
receiver#net.reichholf.dreamdroid.appwidget.VirtualRemoteWidgetProvider
ADDED from AndroidManifest.xml:97:9
	android:name
		ADDED from AndroidManifest.xml:97:19
intent-filter#android.appwidget.action.APPWIDGET_UPDATE
ADDED from AndroidManifest.xml:98:13
action#android.appwidget.action.APPWIDGET_UPDATE
ADDED from AndroidManifest.xml:99:17
	android:name
		ADDED from AndroidManifest.xml:99:25
meta-data#android.appwidget.provider
ADDED from AndroidManifest.xml:101:13
	android:resource
		ADDED from AndroidManifest.xml:103:17
	android:name
		ADDED from AndroidManifest.xml:102:17
service#net.reichholf.dreamdroid.appwidget.WidgetService
ADDED from AndroidManifest.xml:106:9
	android:enabled
		ADDED from AndroidManifest.xml:108:13
	android:name
		ADDED from AndroidManifest.xml:107:13
service#net.reichholf.dreamdroid.helpers.SyncService
ADDED from AndroidManifest.xml:109:9
	android:enabled
		ADDED from AndroidManifest.xml:111:13
	android:name
		ADDED from AndroidManifest.xml:110:13
uses-library#com.sec.android.app.multiwindow
ADDED from AndroidManifest.xml:113:9
	android:required
		ADDED from AndroidManifest.xml:115:13
	android:name
		ADDED from AndroidManifest.xml:114:13
meta-data#com.sec.android.support.multiwindow
ADDED from AndroidManifest.xml:117:9
	android:name
		ADDED from AndroidManifest.xml:118:13
	android:value
		ADDED from AndroidManifest.xml:119:13
meta-data#com.sec.android.multiwindow.DEFAULT_SIZE_W
ADDED from AndroidManifest.xml:120:9
	android:resource
		ADDED from AndroidManifest.xml:122:13
	android:name
		ADDED from AndroidManifest.xml:121:13
meta-data#com.sec.android.multiwindow.DEFAULT_SIZE_H
ADDED from AndroidManifest.xml:123:9
	android:resource
		ADDED from AndroidManifest.xml:125:13
	android:name
		ADDED from AndroidManifest.xml:124:13
meta-data#com.sec.android.multiwindow.MINIMUM_SIZE_W
ADDED from AndroidManifest.xml:126:9
	android:resource
		ADDED from AndroidManifest.xml:128:13
	android:name
		ADDED from AndroidManifest.xml:127:13
meta-data#com.sec.android.multiwindow.MINIMUM_SIZE_H
ADDED from AndroidManifest.xml:129:9
	android:resource
		ADDED from AndroidManifest.xml:131:13
	android:name
		ADDED from AndroidManifest.xml:130:13
activity#android.support.v7.widget.TestActivity
ADDED from com.android.support:recyclerview-v7:21.0.0:18:9
	android:label
		ADDED from com.android.support:recyclerview-v7:21.0.0:18:19
	android:name
		ADDED from com.android.support:recyclerview-v7:21.0.0:18:60